#
# A fatal error has been detected by the Java Runtime Environment:
#
#  Internal Error (javaClasses.cpp:127), pid=6864, tid=5640
#  fatal error: Invalid layout of preloaded class
#
# JRE version:  (8.0_40-b25) (build )
# Java VM: Java HotSpot(TM) 64-Bit Server VM (25.40-b25 mixed mode windows-amd64 compressed oops)
# Failed to write core dump. Minidumps are not enabled by default on client versions of Windows
#
# If you would like to submit a bug report, please visit:
#   http://bugreport.java.com/bugreport/crash.jsp
#

---------------  T H R E A D  ---------------

Current thread (0x000000000218e800):  JavaThread "Unknown thread" [_thread_in_vm, id=5640, stack(0x00000000026a0000,0x00000000027a0000)]

Stack: [0x00000000026a0000,0x00000000027a0000]
[error occurred during error reporting (printing stack bounds), id 0xc0000005]

Native frames: (J=compiled Java code, j=interpreted, Vv=VM code, C=native code)
V  [jvm.dll+0x32b47a]
V  [jvm.dll+0x2797f3]
V  [jvm.dll+0x27a489]
V  [jvm.dll+0x29a974]
C  [kernel32.dll+0x99450]
C  [ntdll.dll+0x943b8]
C  [ntdll.dll+0x185a8]
C  [ntdll.dll+0x29d0d]
C  [ntdll.dll+0x191af]
C  [ntdll.dll+0x51278]
V  [jvm.dll+0x21bc71]


---------------  P R O C E S S  ---------------

Java Threads: ( => current thread )

Other Threads:

=>0x000000000218e800 (exited) JavaThread "Unknown thread" [_thread_in_vm, id=5640, stack(0x00000000026a0000,0x00000000027a0000)]

VM state:not at safepoint (not fully initialized)

VM Mutex/Monitor currently owned by a thread: None

GC Heap History (0 events):
No events

Deoptimization events (0 events):
No events

Internal exceptions (0 events):
No events

Events (10 events):
Event: 0.011 loading class java/lang/CharSequence done
Event: 0.011 loading class java/lang/String done
Event: 0.011 loading class java/lang/Class
Event: 0.011 loading class java/lang/reflect/AnnotatedElement
Event: 0.011 loading class java/lang/reflect/AnnotatedElement done
Event: 0.011 loading class java/lang/reflect/GenericDeclaration
Event: 0.011 loading class java/lang/reflect/GenericDeclaration done
Event: 0.011 loading class java/lang/reflect/Type
Event: 0.011 loading class java/lang/reflect/Type done
Event: 0.011 loading class java/lang/Class done


Dynamic libraries:
0x000000013f930000 - 0x000000013f967000 	C:\Program Files\Java\jre1.8.0_40\bin\javaw.exe
0x0000000077770000 - 0x0000000077919000 	C:\Windows\SYSTEM32\ntdll.dll
0x00000000772a0000 - 0x00000000773bf000 	C:\Windows\system32\kernel32.dll
0x000007fefdf30000 - 0x000007fefdf9c000 	C:\Windows\system32\KERNELBASE.dll
0x000007fefe3f0000 - 0x000007fefe4cb000 	C:\Windows\system32\ADVAPI32.dll
0x000007feff570000 - 0x000007feff60f000 	C:\Windows\system32\msvcrt.dll
0x000007fefe060000 - 0x000007fefe07f000 	C:\Windows\SYSTEM32\sechost.dll
0x000007feff440000 - 0x000007feff56d000 	C:\Windows\system32\RPCRT4.dll
0x00000000773c0000 - 0x00000000774ba000 	C:\Windows\system32\USER32.dll
0x000007fefe340000 - 0x000007fefe3a7000 	C:\Windows\system32\GDI32.dll
0x000007fefe3e0000 - 0x000007fefe3ee000 	C:\Windows\system32\LPK.dll
0x000007feff260000 - 0x000007feff329000 	C:\Windows\system32\USP10.dll
0x000007fefc310000 - 0x000007fefc504000 	C:\Windows\WinSxS\amd64_microsoft.windows.common-controls_6595b64144ccf1df_6.0.7601.17514_none_fa396087175ac9ac\COMCTL32.dll
0x000007feff3c0000 - 0x000007feff431000 	C:\Windows\system32\SHLWAPI.dll
0x000007fefe3b0000 - 0x000007fefe3de000 	C:\Windows\system32\IMM32.DLL
0x000007feff970000 - 0x000007feffa79000 	C:\Windows\system32\MSCTF.dll
0x000007fefdba0000 - 0x000007fefdbcf000 	C:\Windows\system32\nvinitx.dll
0x000000000f000000 - 0x000000000f006000 	C:\Program Files\NVIDIA Corporation\CoProcManager\detoured.dll
0x000007fefad40000 - 0x000007fefad73000 	C:\Program Files\NVIDIA Corporation\CoProcManager\nvd3d9wrapx.dll
0x000007fefe160000 - 0x000007fefe337000 	C:\Windows\system32\SETUPAPI.dll
0x000007fefdc80000 - 0x000007fefdcb6000 	C:\Windows\system32\CFGMGR32.dll
0x000007fefe080000 - 0x000007fefe157000 	C:\Windows\system32\OLEAUT32.dll
0x000007feff760000 - 0x000007feff963000 	C:\Windows\system32\ole32.dll
0x000007fefde70000 - 0x000007fefde8a000 	C:\Windows\system32\DEVOBJ.dll
0x000007fefad10000 - 0x000007fefad33000 	C:\Program Files\NVIDIA Corporation\CoProcManager\nvdxgiwrapx.dll
0x0000000053170000 - 0x0000000053242000 	C:\Program Files\Java\jre1.8.0_40\bin\msvcr100.dll
0x0000000052750000 - 0x0000000052fd3000 	C:\Program Files\Java\jre1.8.0_40\bin\server\jvm.dll
0x000007fefb780000 - 0x000007fefb789000 	C:\Windows\system32\WSOCK32.dll
0x000007feff670000 - 0x000007feff6bd000 	C:\Windows\system32\WS2_32.dll
0x000007feff3b0000 - 0x000007feff3b8000 	C:\Windows\system32\NSI.dll
0x000007fefb0c0000 - 0x000007fefb0fb000 	C:\Windows\system32\WINMM.dll
0x000007fefcce0000 - 0x000007fefccec000 	C:\Windows\system32\VERSION.dll
0x0000000077930000 - 0x0000000077937000 	C:\Windows\system32\PSAPI.DLL
0x0000000054cc0000 - 0x0000000054ccf000 	C:\Program Files\Java\jre1.8.0_40\bin\verify.dll
0x0000000054c90000 - 0x0000000054cb9000 	C:\Program Files\Java\jre1.8.0_40\bin\java.dll
0x0000000054c70000 - 0x0000000054c86000 	C:\Program Files\Java\jre1.8.0_40\bin\zip.dll
0x000007fef6c30000 - 0x000007fef6d55000 	C:\Windows\system32\dbghelp.dll

VM Arguments:
jvm_args: -Dfile.encoding=UTF-8 -Xbootclasspath:C:\Users\kst\android-sdks\platforms\android-15\android.jar 
java_command: com.example.bang.Idfiltering
java_class_path (initial): D:\Ogog\안드로이드\Bang\libs\android-support-v4.jar;C:\Users\kst\android-sdks\tools\support\annotations.jar;D:\Ogog\안드로이드\Bang\bin\classes
Launcher Type: SUN_STANDARD

Environment Variables:
JAVA_HOME=C:\Program Files\Java\jdk1.8.0_25
CLASSPATH=C:\Program Files\Java\jdk1.8.0_25\jre\lib;
PATH=C:/Program Files/Java/jre1.8.0_40/bin/server;C:/Program Files/Java/jre1.8.0_40/bin;C:/Program Files/Java/jre1.8.0_40/lib/amd64;C:\Program Files (x86)\Wizvera\Delfino;C:\ProgramData\Oracle\Java\javapath;C:\Program Files (x86)\NVIDIA Corporation\PhysX\Common;C:\Windows\system32;C:\Windows;C:\Windows\System32\Wbem;C:\Windows\System32\WindowsPowerShell\v1.0\;C:\Program Files\Java\jdk1.8.0_25\bin;C:\mysql-5.6.23-winx64\bin;C:\Program Files (x86)\Windows Kits\8.1\Windows Performance Toolkit\;C:\Program Files\Microsoft SQL Server\110\Tools\Binn\;C:\Program Files (x86)\Microsoft SDKs\TypeScript\1.0\;C:\Program Files\Microsoft SQL Server\120\Tools\Binn\;D:\자바\eclipse;
USERNAME=kst
OS=Windows_NT
PROCESSOR_IDENTIFIER=Intel64 Family 6 Model 60 Stepping 3, GenuineIntel



---------------  S Y S T E M  ---------------

OS: Windows 7 , 64 bit Build 7601 (6.1.7601.17651)

CPU:total 8 (4 cores per cpu, 2 threads per core) family 6 model 60 stepping 3, cmov, cx8, fxsr, mmx, sse, sse2, sse3, ssse3, sse4.1, sse4.2, popcnt, avx, avx2, aes, clmul, erms, lzcnt, ht, tsc, tscinvbit, bmi1, bmi2

Memory: 4k page, physical 8270248k(3006896k free), swap 16538644k(10707648k free)

vm_info: Java HotSpot(TM) 64-Bit Server VM (25.40-b25) for windows-amd64 JRE (1.8.0_40-b25), built on Feb 10 2015 21:53:57 by "java_re" with MS VC++ 10.0 (VS2010)

time: Tue Mar 24 23:39:43 2015
elapsed time: 0 seconds (0d 0h 0m 0s)

